2015-12-07 14:54:54 [127.0.0.1][2][1ed577ae73be2b8f85caaf333f5b607e][error][yii\base\UnknownPropertyException] exception 'yii\base\UnknownPropertyException' with message 'Getting unknown property: app\models\Videos::videoStatus' in /Applications/MAMP/htdocs/inspiredevProject/_protected/vendor/yiisoft/yii2/base/Component.php:143
Stack trace:
#0 /Applications/MAMP/htdocs/inspiredevProject/_protected/vendor/yiisoft/yii2/db/BaseActiveRecord.php(247): yii\base\Component->__get('videoStatus')
#1 /Applications/MAMP/htdocs/inspiredevProject/_protected/vendor/yiisoft/yii2/helpers/BaseArrayHelper.php(202): yii\db\BaseActiveRecord->__get('videoStatus')
#2 /Applications/MAMP/htdocs/inspiredevProject/_protected/vendor/yiisoft/yii2/helpers/BaseArrayHelper.php(197): yii\helpers\BaseArrayHelper::getValue(Object(app\models\Videos), 'videoStatus', NULL)
#3 /Applications/MAMP/htdocs/inspiredevProject/_protected/vendor/yiisoft/yii2/grid/DataColumn.php(193): yii\helpers\BaseArrayHelper::getValue(Object(app\models\Videos), 'videoStatus.nam...')
#4 /Applications/MAMP/htdocs/inspiredevProject/_protected/vendor/yiisoft/yii2/grid/DataColumn.php(204): yii\grid\DataColumn->getDataCellValue(Object(app\models\Videos), Array, 0)
#5 /Applications/MAMP/htdocs/inspiredevProject/_protected/vendor/yiisoft/yii2/grid/Column.php(108): yii\grid\DataColumn->renderDataCellContent(Object(app\models\Videos), Array, 0)
#6 /Applications/MAMP/htdocs/inspiredevProject/_protected/vendor/yiisoft/yii2/grid/GridView.php(504): yii\grid\Column->renderDataCell(Object(app\models\Videos), Array, 0)
#7 /Applications/MAMP/htdocs/inspiredevProject/_protected/vendor/yiisoft/yii2/grid/GridView.php(473): yii\grid\GridView->renderTableRow(Object(app\models\Videos), Array, 0)
#8 /Applications/MAMP/htdocs/inspiredevProject/_protected/vendor/yiisoft/yii2/grid/GridView.php(344): yii\grid\GridView->renderTableBody()
#9 /Applications/MAMP/htdocs/inspiredevProject/_protected/vendor/yiisoft/yii2/widgets/BaseListView.php(151): yii\grid\GridView->renderItems()
#10 /Applications/MAMP/htdocs/inspiredevProject/_protected/vendor/yiisoft/yii2/grid/GridView.php(313): yii\widgets\BaseListView->renderSection('{items}')
#11 /Applications/MAMP/htdocs/inspiredevProject/_protected/vendor/yiisoft/yii2/widgets/BaseListView.php(126): yii\grid\GridView->renderSection('{items}')
#12 [internal function]: yii\widgets\BaseListView->yii\widgets\{closure}(Array)
#13 /Applications/MAMP/htdocs/inspiredevProject/_protected/vendor/yiisoft/yii2/widgets/BaseListView.php(129): preg_replace_callback('/{\\w+}/', Object(Closure), '{summary}\n{item...')
#14 /Applications/MAMP/htdocs/inspiredevProject/_protected/vendor/yiisoft/yii2/grid/GridView.php(288): yii\widgets\BaseListView->run()
#15 /Applications/MAMP/htdocs/inspiredevProject/_protected/vendor/yiisoft/yii2/base/Widget.php(98): yii\grid\GridView->run()
#16 /Applications/MAMP/htdocs/inspiredevProject/_protected/frontend/views/videos/index.php(56): yii\base\Widget::widget(Array)
#17 /Applications/MAMP/htdocs/inspiredevProject/_protected/vendor/yiisoft/yii2/base/View.php(325): require('/Applications/M...')
#18 /Applications/MAMP/htdocs/inspiredevProject/_protected/vendor/yiisoft/yii2/base/View.php(247): yii\base\View->renderPhpFile('/Applications/M...', Array)
#19 /Applications/MAMP/htdocs/inspiredevProject/_protected/vendor/yiisoft/yii2/base/View.php(149): yii\base\View->renderFile('/Applications/M...', Array, Object(frontend\controllers\VideosController))
#20 /Applications/MAMP/htdocs/inspiredevProject/_protected/vendor/yiisoft/yii2/base/Controller.php(371): yii\base\View->render('index', Array, Object(frontend\controllers\VideosController))
#21 /Applications/MAMP/htdocs/inspiredevProject/_protected/frontend/controllers/VideosController.php(42): yii\base\Controller->render('index', Array)
#22 [internal function]: frontend\controllers\VideosController->actionIndex()
#23 /Applications/MAMP/htdocs/inspiredevProject/_protected/vendor/yiisoft/yii2/base/InlineAction.php(55): call_user_func_array(Array, Array)
#24 /Applications/MAMP/htdocs/inspiredevProject/_protected/vendor/yiisoft/yii2/base/Controller.php(151): yii\base\InlineAction->runWithParams(Array)
#25 /Applications/MAMP/htdocs/inspiredevProject/_protected/vendor/yiisoft/yii2/base/Module.php(455): yii\base\Controller->runAction('index', Array)
#26 /Applications/MAMP/htdocs/inspiredevProject/_protected/vendor/yiisoft/yii2/web/Application.php(84): yii\base\Module->runAction('videos/index', Array)
#27 /Applications/MAMP/htdocs/inspiredevProject/_protected/vendor/yiisoft/yii2/base/Application.php(375): yii\web\Application->handleRequest(Object(yii\web\Request))
#28 /Applications/MAMP/htdocs/inspiredevProject/index.php(18): yii\base\Application->run()
#29 {main}
2015-12-07 14:54:54 [127.0.0.1][2][1ed577ae73be2b8f85caaf333f5b607e][info][application] $_COOKIE = [
    'tu' => '0c27ea1ebe1b04eb6fde6fc867920b7c'
    '_csrf' => 'ac1f5dcbc5e3d050f438f1ce37cb961bf7ad0705914a0a87f2d6c6504d9250e2a:2:{i:0;s:5:\"_csrf\";i:1;s:32:\"2y8bZ_NN8DLXLVM8g5ySnX07NRjly-u0\";}'
    'PHPSESSID' => '1ed577ae73be2b8f85caaf333f5b607e'
    '_identity' => 'b04479600b2be632676e852eaa07a9c07de122207871c36ae917005df20696f4a:2:{i:0;s:9:\"_identity\";i:1;s:46:\"[2,\"FrFUIsBr-ZT6vnVt4wyHmj6AcH23PSCq\",2592000]\";}'
]

$_SESSION = [
    '__flash' => []
    '__id' => 2
]

$_SERVER = [
    'REDIRECT_STATUS' => '200'
    'HTTP_HOST' => 'www.inspiredev.com'
    'HTTP_CONNECTION' => 'keep-alive'
    'HTTP_CACHE_CONTROL' => 'max-age=0'
    'HTTP_ACCEPT' => 'text/html,application/xhtml+xml,application/xml;q=0.9,image/webp,*/*;q=0.8'
    'HTTP_UPGRADE_INSECURE_REQUESTS' => '1'
    'HTTP_USER_AGENT' => 'Mozilla/5.0 (Macintosh; Intel Mac OS X 10_10_5) AppleWebKit/537.36 (KHTML, like Gecko) Chrome/47.0.2526.73 Safari/537.36'
    'HTTP_REFERER' => 'http://www.inspiredev.com/'
    'HTTP_ACCEPT_ENCODING' => 'gzip, deflate, sdch'
    'HTTP_ACCEPT_LANGUAGE' => 'en-US,en;q=0.8,th;q=0.6'
    'HTTP_COOKIE' => 'tu=0c27ea1ebe1b04eb6fde6fc867920b7c; _csrf=ac1f5dcbc5e3d050f438f1ce37cb961bf7ad0705914a0a87f2d6c6504d9250e2a%3A2%3A%7Bi%3A0%3Bs%3A5%3A%22_csrf%22%3Bi%3A1%3Bs%3A32%3A%222y8bZ_NN8DLXLVM8g5ySnX07NRjly-u0%22%3B%7D; PHPSESSID=1ed577ae73be2b8f85caaf333f5b607e; _identity=b04479600b2be632676e852eaa07a9c07de122207871c36ae917005df20696f4a%3A2%3A%7Bi%3A0%3Bs%3A9%3A%22_identity%22%3Bi%3A1%3Bs%3A46%3A%22%5B2%2C%22FrFUIsBr-ZT6vnVt4wyHmj6AcH23PSCq%22%2C2592000%5D%22%3B%7D'
    'PATH' => '/usr/bin:/bin:/usr/sbin:/sbin'
    'SERVER_SIGNATURE' => ''
    'SERVER_SOFTWARE' => 'Apache/2.2.29 (Unix) mod_wsgi/3.5 Python/2.7.10 PHP/5.6.10 mod_ssl/2.2.29 OpenSSL/0.9.8zg DAV/2 mod_fastcgi/2.4.6 mod_perl/2.0.9 Perl/v5.22.0'
    'SERVER_NAME' => 'www.inspiredev.com'
    'SERVER_ADDR' => '127.0.0.1'
    'SERVER_PORT' => '80'
    'REMOTE_ADDR' => '127.0.0.1'
    'DOCUMENT_ROOT' => '/Applications/MAMP/htdocs/inspiredevProject'
    'SERVER_ADMIN' => 'inspiredev.com'
    'SCRIPT_FILENAME' => '/Applications/MAMP/htdocs/inspiredevProject/index.php'
    'REMOTE_PORT' => '49610'
    'REDIRECT_URL' => '/videos/index'
    'GATEWAY_INTERFACE' => 'CGI/1.1'
    'SERVER_PROTOCOL' => 'HTTP/1.1'
    'REQUEST_METHOD' => 'GET'
    'QUERY_STRING' => ''
    'REQUEST_URI' => '/videos/index'
    'SCRIPT_NAME' => '/index.php'
    'PHP_SELF' => '/index.php'
    'REQUEST_TIME_FLOAT' => 1449496494.05
    'REQUEST_TIME' => 1449496494
    'argv' => []
    'argc' => 0
]
2015-12-07 14:55:19 [127.0.0.1][2][1ed577ae73be2b8f85caaf333f5b607e][error][yii\base\UnknownPropertyException] exception 'yii\base\UnknownPropertyException' with message 'Getting unknown property: app\models\Videos::video_Status' in /Applications/MAMP/htdocs/inspiredevProject/_protected/vendor/yiisoft/yii2/base/Component.php:143
Stack trace:
#0 /Applications/MAMP/htdocs/inspiredevProject/_protected/vendor/yiisoft/yii2/db/BaseActiveRecord.php(247): yii\base\Component->__get('video_Status')
#1 /Applications/MAMP/htdocs/inspiredevProject/_protected/vendor/yiisoft/yii2/helpers/BaseArrayHelper.php(202): yii\db\BaseActiveRecord->__get('video_Status')
#2 /Applications/MAMP/htdocs/inspiredevProject/_protected/vendor/yiisoft/yii2/grid/DataColumn.php(193): yii\helpers\BaseArrayHelper::getValue(Object(app\models\Videos), 'video_Status')
#3 /Applications/MAMP/htdocs/inspiredevProject/_protected/vendor/yiisoft/yii2/grid/DataColumn.php(204): yii\grid\DataColumn->getDataCellValue(Object(app\models\Videos), Array, 0)
#4 /Applications/MAMP/htdocs/inspiredevProject/_protected/vendor/yiisoft/yii2/grid/Column.php(108): yii\grid\DataColumn->renderDataCellContent(Object(app\models\Videos), Array, 0)
#5 /Applications/MAMP/htdocs/inspiredevProject/_protected/vendor/yiisoft/yii2/grid/GridView.php(504): yii\grid\Column->renderDataCell(Object(app\models\Videos), Array, 0)
#6 /Applications/MAMP/htdocs/inspiredevProject/_protected/vendor/yiisoft/yii2/grid/GridView.php(473): yii\grid\GridView->renderTableRow(Object(app\models\Videos), Array, 0)
#7 /Applications/MAMP/htdocs/inspiredevProject/_protected/vendor/yiisoft/yii2/grid/GridView.php(344): yii\grid\GridView->renderTableBody()
#8 /Applications/MAMP/htdocs/inspiredevProject/_protected/vendor/yiisoft/yii2/widgets/BaseListView.php(151): yii\grid\GridView->renderItems()
#9 /Applications/MAMP/htdocs/inspiredevProject/_protected/vendor/yiisoft/yii2/grid/GridView.php(313): yii\widgets\BaseListView->renderSection('{items}')
#10 /Applications/MAMP/htdocs/inspiredevProject/_protected/vendor/yiisoft/yii2/widgets/BaseListView.php(126): yii\grid\GridView->renderSection('{items}')
#11 [internal function]: yii\widgets\BaseListView->yii\widgets\{closure}(Array)
#12 /Applications/MAMP/htdocs/inspiredevProject/_protected/vendor/yiisoft/yii2/widgets/BaseListView.php(129): preg_replace_callback('/{\\w+}/', Object(Closure), '{summary}\n{item...')
#13 /Applications/MAMP/htdocs/inspiredevProject/_protected/vendor/yiisoft/yii2/grid/GridView.php(288): yii\widgets\BaseListView->run()
#14 /Applications/MAMP/htdocs/inspiredevProject/_protected/vendor/yiisoft/yii2/base/Widget.php(98): yii\grid\GridView->run()
#15 /Applications/MAMP/htdocs/inspiredevProject/_protected/frontend/views/videos/index.php(56): yii\base\Widget::widget(Array)
#16 /Applications/MAMP/htdocs/inspiredevProject/_protected/vendor/yiisoft/yii2/base/View.php(325): require('/Applications/M...')
#17 /Applications/MAMP/htdocs/inspiredevProject/_protected/vendor/yiisoft/yii2/base/View.php(247): yii\base\View->renderPhpFile('/Applications/M...', Array)
#18 /Applications/MAMP/htdocs/inspiredevProject/_protected/vendor/yiisoft/yii2/base/View.php(149): yii\base\View->renderFile('/Applications/M...', Array, Object(frontend\controllers\VideosController))
#19 /Applications/MAMP/htdocs/inspiredevProject/_protected/vendor/yiisoft/yii2/base/Controller.php(371): yii\base\View->render('index', Array, Object(frontend\controllers\VideosController))
#20 /Applications/MAMP/htdocs/inspiredevProject/_protected/frontend/controllers/VideosController.php(42): yii\base\Controller->render('index', Array)
#21 [internal function]: frontend\controllers\VideosController->actionIndex()
#22 /Applications/MAMP/htdocs/inspiredevProject/_protected/vendor/yiisoft/yii2/base/InlineAction.php(55): call_user_func_array(Array, Array)
#23 /Applications/MAMP/htdocs/inspiredevProject/_protected/vendor/yiisoft/yii2/base/Controller.php(151): yii\base\InlineAction->runWithParams(Array)
#24 /Applications/MAMP/htdocs/inspiredevProject/_protected/vendor/yiisoft/yii2/base/Module.php(455): yii\base\Controller->runAction('index', Array)
#25 /Applications/MAMP/htdocs/inspiredevProject/_protected/vendor/yiisoft/yii2/web/Application.php(84): yii\base\Module->runAction('videos/index', Array)
#26 /Applications/MAMP/htdocs/inspiredevProject/_protected/vendor/yiisoft/yii2/base/Application.php(375): yii\web\Application->handleRequest(Object(yii\web\Request))
#27 /Applications/MAMP/htdocs/inspiredevProject/index.php(18): yii\base\Application->run()
#28 {main}
2015-12-07 14:55:19 [127.0.0.1][2][1ed577ae73be2b8f85caaf333f5b607e][info][application] $_COOKIE = [
    'tu' => '0c27ea1ebe1b04eb6fde6fc867920b7c'
    '_csrf' => 'ac1f5dcbc5e3d050f438f1ce37cb961bf7ad0705914a0a87f2d6c6504d9250e2a:2:{i:0;s:5:\"_csrf\";i:1;s:32:\"2y8bZ_NN8DLXLVM8g5ySnX07NRjly-u0\";}'
    'PHPSESSID' => '1ed577ae73be2b8f85caaf333f5b607e'
    '_identity' => 'b04479600b2be632676e852eaa07a9c07de122207871c36ae917005df20696f4a:2:{i:0;s:9:\"_identity\";i:1;s:46:\"[2,\"FrFUIsBr-ZT6vnVt4wyHmj6AcH23PSCq\",2592000]\";}'
]

$_SESSION = [
    '__flash' => []
    '__id' => 2
]

$_SERVER = [
    'REDIRECT_STATUS' => '200'
    'HTTP_HOST' => 'www.inspiredev.com'
    'HTTP_CONNECTION' => 'keep-alive'
    'HTTP_CACHE_CONTROL' => 'max-age=0'
    'HTTP_ACCEPT' => 'text/html,application/xhtml+xml,application/xml;q=0.9,image/webp,*/*;q=0.8'
    'HTTP_UPGRADE_INSECURE_REQUESTS' => '1'
    'HTTP_USER_AGENT' => 'Mozilla/5.0 (Macintosh; Intel Mac OS X 10_10_5) AppleWebKit/537.36 (KHTML, like Gecko) Chrome/47.0.2526.73 Safari/537.36'
    'HTTP_REFERER' => 'http://www.inspiredev.com/'
    'HTTP_ACCEPT_ENCODING' => 'gzip, deflate, sdch'
    'HTTP_ACCEPT_LANGUAGE' => 'en-US,en;q=0.8,th;q=0.6'
    'HTTP_COOKIE' => 'tu=0c27ea1ebe1b04eb6fde6fc867920b7c; _csrf=ac1f5dcbc5e3d050f438f1ce37cb961bf7ad0705914a0a87f2d6c6504d9250e2a%3A2%3A%7Bi%3A0%3Bs%3A5%3A%22_csrf%22%3Bi%3A1%3Bs%3A32%3A%222y8bZ_NN8DLXLVM8g5ySnX07NRjly-u0%22%3B%7D; PHPSESSID=1ed577ae73be2b8f85caaf333f5b607e; _identity=b04479600b2be632676e852eaa07a9c07de122207871c36ae917005df20696f4a%3A2%3A%7Bi%3A0%3Bs%3A9%3A%22_identity%22%3Bi%3A1%3Bs%3A46%3A%22%5B2%2C%22FrFUIsBr-ZT6vnVt4wyHmj6AcH23PSCq%22%2C2592000%5D%22%3B%7D'
    'PATH' => '/usr/bin:/bin:/usr/sbin:/sbin'
    'SERVER_SIGNATURE' => ''
    'SERVER_SOFTWARE' => 'Apache/2.2.29 (Unix) mod_wsgi/3.5 Python/2.7.10 PHP/5.6.10 mod_ssl/2.2.29 OpenSSL/0.9.8zg DAV/2 mod_fastcgi/2.4.6 mod_perl/2.0.9 Perl/v5.22.0'
    'SERVER_NAME' => 'www.inspiredev.com'
    'SERVER_ADDR' => '127.0.0.1'
    'SERVER_PORT' => '80'
    'REMOTE_ADDR' => '127.0.0.1'
    'DOCUMENT_ROOT' => '/Applications/MAMP/htdocs/inspiredevProject'
    'SERVER_ADMIN' => 'inspiredev.com'
    'SCRIPT_FILENAME' => '/Applications/MAMP/htdocs/inspiredevProject/index.php'
    'REMOTE_PORT' => '49613'
    'REDIRECT_URL' => '/videos/index'
    'GATEWAY_INTERFACE' => 'CGI/1.1'
    'SERVER_PROTOCOL' => 'HTTP/1.1'
    'REQUEST_METHOD' => 'GET'
    'QUERY_STRING' => ''
    'REQUEST_URI' => '/videos/index'
    'SCRIPT_NAME' => '/index.php'
    'PHP_SELF' => '/index.php'
    'REQUEST_TIME_FLOAT' => 1449496519.76
    'REQUEST_TIME' => 1449496519
    'argv' => []
    'argc' => 0
]
2015-12-07 14:55:24 [127.0.0.1][2][1ed577ae73be2b8f85caaf333f5b607e][error][yii\base\UnknownPropertyException] exception 'yii\base\UnknownPropertyException' with message 'Getting unknown property: app\models\Videos::videos_Status' in /Applications/MAMP/htdocs/inspiredevProject/_protected/vendor/yiisoft/yii2/base/Component.php:143
Stack trace:
#0 /Applications/MAMP/htdocs/inspiredevProject/_protected/vendor/yiisoft/yii2/db/BaseActiveRecord.php(247): yii\base\Component->__get('videos_Status')
#1 /Applications/MAMP/htdocs/inspiredevProject/_protected/vendor/yiisoft/yii2/helpers/BaseArrayHelper.php(202): yii\db\BaseActiveRecord->__get('videos_Status')
#2 /Applications/MAMP/htdocs/inspiredevProject/_protected/vendor/yiisoft/yii2/grid/DataColumn.php(193): yii\helpers\BaseArrayHelper::getValue(Object(app\models\Videos), 'videos_Status')
#3 /Applications/MAMP/htdocs/inspiredevProject/_protected/vendor/yiisoft/yii2/grid/DataColumn.php(204): yii\grid\DataColumn->getDataCellValue(Object(app\models\Videos), Array, 0)
#4 /Applications/MAMP/htdocs/inspiredevProject/_protected/vendor/yiisoft/yii2/grid/Column.php(108): yii\grid\DataColumn->renderDataCellContent(Object(app\models\Videos), Array, 0)
#5 /Applications/MAMP/htdocs/inspiredevProject/_protected/vendor/yiisoft/yii2/grid/GridView.php(504): yii\grid\Column->renderDataCell(Object(app\models\Videos), Array, 0)
#6 /Applications/MAMP/htdocs/inspiredevProject/_protected/vendor/yiisoft/yii2/grid/GridView.php(473): yii\grid\GridView->renderTableRow(Object(app\models\Videos), Array, 0)
#7 /Applications/MAMP/htdocs/inspiredevProject/_protected/vendor/yiisoft/yii2/grid/GridView.php(344): yii\grid\GridView->renderTableBody()
#8 /Applications/MAMP/htdocs/inspiredevProject/_protected/vendor/yiisoft/yii2/widgets/BaseListView.php(151): yii\grid\GridView->renderItems()
#9 /Applications/MAMP/htdocs/inspiredevProject/_protected/vendor/yiisoft/yii2/grid/GridView.php(313): yii\widgets\BaseListView->renderSection('{items}')
#10 /Applications/MAMP/htdocs/inspiredevProject/_protected/vendor/yiisoft/yii2/widgets/BaseListView.php(126): yii\grid\GridView->renderSection('{items}')
#11 [internal function]: yii\widgets\BaseListView->yii\widgets\{closure}(Array)
#12 /Applications/MAMP/htdocs/inspiredevProject/_protected/vendor/yiisoft/yii2/widgets/BaseListView.php(129): preg_replace_callback('/{\\w+}/', Object(Closure), '{summary}\n{item...')
#13 /Applications/MAMP/htdocs/inspiredevProject/_protected/vendor/yiisoft/yii2/grid/GridView.php(288): yii\widgets\BaseListView->run()
#14 /Applications/MAMP/htdocs/inspiredevProject/_protected/vendor/yiisoft/yii2/base/Widget.php(98): yii\grid\GridView->run()
#15 /Applications/MAMP/htdocs/inspiredevProject/_protected/frontend/views/videos/index.php(56): yii\base\Widget::widget(Array)
#16 /Applications/MAMP/htdocs/inspiredevProject/_protected/vendor/yiisoft/yii2/base/View.php(325): require('/Applications/M...')
#17 /Applications/MAMP/htdocs/inspiredevProject/_protected/vendor/yiisoft/yii2/base/View.php(247): yii\base\View->renderPhpFile('/Applications/M...', Array)
#18 /Applications/MAMP/htdocs/inspiredevProject/_protected/vendor/yiisoft/yii2/base/View.php(149): yii\base\View->renderFile('/Applications/M...', Array, Object(frontend\controllers\VideosController))
#19 /Applications/MAMP/htdocs/inspiredevProject/_protected/vendor/yiisoft/yii2/base/Controller.php(371): yii\base\View->render('index', Array, Object(frontend\controllers\VideosController))
#20 /Applications/MAMP/htdocs/inspiredevProject/_protected/frontend/controllers/VideosController.php(42): yii\base\Controller->render('index', Array)
#21 [internal function]: frontend\controllers\VideosController->actionIndex()
#22 /Applications/MAMP/htdocs/inspiredevProject/_protected/vendor/yiisoft/yii2/base/InlineAction.php(55): call_user_func_array(Array, Array)
#23 /Applications/MAMP/htdocs/inspiredevProject/_protected/vendor/yiisoft/yii2/base/Controller.php(151): yii\base\InlineAction->runWithParams(Array)
#24 /Applications/MAMP/htdocs/inspiredevProject/_protected/vendor/yiisoft/yii2/base/Module.php(455): yii\base\Controller->runAction('index', Array)
#25 /Applications/MAMP/htdocs/inspiredevProject/_protected/vendor/yiisoft/yii2/web/Application.php(84): yii\base\Module->runAction('videos/index', Array)
#26 /Applications/MAMP/htdocs/inspiredevProject/_protected/vendor/yiisoft/yii2/base/Application.php(375): yii\web\Application->handleRequest(Object(yii\web\Request))
#27 /Applications/MAMP/htdocs/inspiredevProject/index.php(18): yii\base\Application->run()
#28 {main}
2015-12-07 14:55:24 [127.0.0.1][2][1ed577ae73be2b8f85caaf333f5b607e][info][application] $_COOKIE = [
    'tu' => '0c27ea1ebe1b04eb6fde6fc867920b7c'
    '_csrf' => 'ac1f5dcbc5e3d050f438f1ce37cb961bf7ad0705914a0a87f2d6c6504d9250e2a:2:{i:0;s:5:\"_csrf\";i:1;s:32:\"2y8bZ_NN8DLXLVM8g5ySnX07NRjly-u0\";}'
    'PHPSESSID' => '1ed577ae73be2b8f85caaf333f5b607e'
    '_identity' => 'b04479600b2be632676e852eaa07a9c07de122207871c36ae917005df20696f4a:2:{i:0;s:9:\"_identity\";i:1;s:46:\"[2,\"FrFUIsBr-ZT6vnVt4wyHmj6AcH23PSCq\",2592000]\";}'
]

$_SESSION = [
    '__flash' => []
    '__id' => 2
]

$_SERVER = [
    'REDIRECT_STATUS' => '200'
    'HTTP_HOST' => 'www.inspiredev.com'
    'HTTP_CONNECTION' => 'keep-alive'
    'HTTP_CACHE_CONTROL' => 'max-age=0'
    'HTTP_ACCEPT' => 'text/html,application/xhtml+xml,application/xml;q=0.9,image/webp,*/*;q=0.8'
    'HTTP_UPGRADE_INSECURE_REQUESTS' => '1'
    'HTTP_USER_AGENT' => 'Mozilla/5.0 (Macintosh; Intel Mac OS X 10_10_5) AppleWebKit/537.36 (KHTML, like Gecko) Chrome/47.0.2526.73 Safari/537.36'
    'HTTP_REFERER' => 'http://www.inspiredev.com/'
    'HTTP_ACCEPT_ENCODING' => 'gzip, deflate, sdch'
    'HTTP_ACCEPT_LANGUAGE' => 'en-US,en;q=0.8,th;q=0.6'
    'HTTP_COOKIE' => 'tu=0c27ea1ebe1b04eb6fde6fc867920b7c; _csrf=ac1f5dcbc5e3d050f438f1ce37cb961bf7ad0705914a0a87f2d6c6504d9250e2a%3A2%3A%7Bi%3A0%3Bs%3A5%3A%22_csrf%22%3Bi%3A1%3Bs%3A32%3A%222y8bZ_NN8DLXLVM8g5ySnX07NRjly-u0%22%3B%7D; PHPSESSID=1ed577ae73be2b8f85caaf333f5b607e; _identity=b04479600b2be632676e852eaa07a9c07de122207871c36ae917005df20696f4a%3A2%3A%7Bi%3A0%3Bs%3A9%3A%22_identity%22%3Bi%3A1%3Bs%3A46%3A%22%5B2%2C%22FrFUIsBr-ZT6vnVt4wyHmj6AcH23PSCq%22%2C2592000%5D%22%3B%7D'
    'PATH' => '/usr/bin:/bin:/usr/sbin:/sbin'
    'SERVER_SIGNATURE' => ''
    'SERVER_SOFTWARE' => 'Apache/2.2.29 (Unix) mod_wsgi/3.5 Python/2.7.10 PHP/5.6.10 mod_ssl/2.2.29 OpenSSL/0.9.8zg DAV/2 mod_fastcgi/2.4.6 mod_perl/2.0.9 Perl/v5.22.0'
    'SERVER_NAME' => 'www.inspiredev.com'
    'SERVER_ADDR' => '127.0.0.1'
    'SERVER_PORT' => '80'
    'REMOTE_ADDR' => '127.0.0.1'
    'DOCUMENT_ROOT' => '/Applications/MAMP/htdocs/inspiredevProject'
    'SERVER_ADMIN' => 'inspiredev.com'
    'SCRIPT_FILENAME' => '/Applications/MAMP/htdocs/inspiredevProject/index.php'
    'REMOTE_PORT' => '49614'
    'REDIRECT_URL' => '/videos/index'
    'GATEWAY_INTERFACE' => 'CGI/1.1'
    'SERVER_PROTOCOL' => 'HTTP/1.1'
    'REQUEST_METHOD' => 'GET'
    'QUERY_STRING' => ''
    'REQUEST_URI' => '/videos/index'
    'SCRIPT_NAME' => '/index.php'
    'PHP_SELF' => '/index.php'
    'REQUEST_TIME_FLOAT' => 1449496524.85
    'REQUEST_TIME' => 1449496524
    'argv' => []
    'argc' => 0
]
2015-12-07 14:55:30 [127.0.0.1][2][1ed577ae73be2b8f85caaf333f5b607e][error][yii\base\UnknownPropertyException] exception 'yii\base\UnknownPropertyException' with message 'Getting unknown property: app\models\Videos::videos_status' in /Applications/MAMP/htdocs/inspiredevProject/_protected/vendor/yiisoft/yii2/base/Component.php:143
Stack trace:
#0 /Applications/MAMP/htdocs/inspiredevProject/_protected/vendor/yiisoft/yii2/db/BaseActiveRecord.php(247): yii\base\Component->__get('videos_status')
#1 /Applications/MAMP/htdocs/inspiredevProject/_protected/vendor/yiisoft/yii2/helpers/BaseArrayHelper.php(202): yii\db\BaseActiveRecord->__get('videos_status')
#2 /Applications/MAMP/htdocs/inspiredevProject/_protected/vendor/yiisoft/yii2/grid/DataColumn.php(193): yii\helpers\BaseArrayHelper::getValue(Object(app\models\Videos), 'videos_status')
#3 /Applications/MAMP/htdocs/inspiredevProject/_protected/vendor/yiisoft/yii2/grid/DataColumn.php(204): yii\grid\DataColumn->getDataCellValue(Object(app\models\Videos), Array, 0)
#4 /Applications/MAMP/htdocs/inspiredevProject/_protected/vendor/yiisoft/yii2/grid/Column.php(108): yii\grid\DataColumn->renderDataCellContent(Object(app\models\Videos), Array, 0)
#5 /Applications/MAMP/htdocs/inspiredevProject/_protected/vendor/yiisoft/yii2/grid/GridView.php(504): yii\grid\Column->renderDataCell(Object(app\models\Videos), Array, 0)
#6 /Applications/MAMP/htdocs/inspiredevProject/_protected/vendor/yiisoft/yii2/grid/GridView.php(473): yii\grid\GridView->renderTableRow(Object(app\models\Videos), Array, 0)
#7 /Applications/MAMP/htdocs/inspiredevProject/_protected/vendor/yiisoft/yii2/grid/GridView.php(344): yii\grid\GridView->renderTableBody()
#8 /Applications/MAMP/htdocs/inspiredevProject/_protected/vendor/yiisoft/yii2/widgets/BaseListView.php(151): yii\grid\GridView->renderItems()
#9 /Applications/MAMP/htdocs/inspiredevProject/_protected/vendor/yiisoft/yii2/grid/GridView.php(313): yii\widgets\BaseListView->renderSection('{items}')
#10 /Applications/MAMP/htdocs/inspiredevProject/_protected/vendor/yiisoft/yii2/widgets/BaseListView.php(126): yii\grid\GridView->renderSection('{items}')
#11 [internal function]: yii\widgets\BaseListView->yii\widgets\{closure}(Array)
#12 /Applications/MAMP/htdocs/inspiredevProject/_protected/vendor/yiisoft/yii2/widgets/BaseListView.php(129): preg_replace_callback('/{\\w+}/', Object(Closure), '{summary}\n{item...')
#13 /Applications/MAMP/htdocs/inspiredevProject/_protected/vendor/yiisoft/yii2/grid/GridView.php(288): yii\widgets\BaseListView->run()
#14 /Applications/MAMP/htdocs/inspiredevProject/_protected/vendor/yiisoft/yii2/base/Widget.php(98): yii\grid\GridView->run()
#15 /Applications/MAMP/htdocs/inspiredevProject/_protected/frontend/views/videos/index.php(56): yii\base\Widget::widget(Array)
#16 /Applications/MAMP/htdocs/inspiredevProject/_protected/vendor/yiisoft/yii2/base/View.php(325): require('/Applications/M...')
#17 /Applications/MAMP/htdocs/inspiredevProject/_protected/vendor/yiisoft/yii2/base/View.php(247): yii\base\View->renderPhpFile('/Applications/M...', Array)
#18 /Applications/MAMP/htdocs/inspiredevProject/_protected/vendor/yiisoft/yii2/base/View.php(149): yii\base\View->renderFile('/Applications/M...', Array, Object(frontend\controllers\VideosController))
#19 /Applications/MAMP/htdocs/inspiredevProject/_protected/vendor/yiisoft/yii2/base/Controller.php(371): yii\base\View->render('index', Array, Object(frontend\controllers\VideosController))
#20 /Applications/MAMP/htdocs/inspiredevProject/_protected/frontend/controllers/VideosController.php(42): yii\base\Controller->render('index', Array)
#21 [internal function]: frontend\controllers\VideosController->actionIndex()
#22 /Applications/MAMP/htdocs/inspiredevProject/_protected/vendor/yiisoft/yii2/base/InlineAction.php(55): call_user_func_array(Array, Array)
#23 /Applications/MAMP/htdocs/inspiredevProject/_protected/vendor/yiisoft/yii2/base/Controller.php(151): yii\base\InlineAction->runWithParams(Array)
#24 /Applications/MAMP/htdocs/inspiredevProject/_protected/vendor/yiisoft/yii2/base/Module.php(455): yii\base\Controller->runAction('index', Array)
#25 /Applications/MAMP/htdocs/inspiredevProject/_protected/vendor/yiisoft/yii2/web/Application.php(84): yii\base\Module->runAction('videos/index', Array)
#26 /Applications/MAMP/htdocs/inspiredevProject/_protected/vendor/yiisoft/yii2/base/Application.php(375): yii\web\Application->handleRequest(Object(yii\web\Request))
#27 /Applications/MAMP/htdocs/inspiredevProject/index.php(18): yii\base\Application->run()
#28 {main}
2015-12-07 14:55:30 [127.0.0.1][2][1ed577ae73be2b8f85caaf333f5b607e][info][application] $_COOKIE = [
    'tu' => '0c27ea1ebe1b04eb6fde6fc867920b7c'
    '_csrf' => 'ac1f5dcbc5e3d050f438f1ce37cb961bf7ad0705914a0a87f2d6c6504d9250e2a:2:{i:0;s:5:\"_csrf\";i:1;s:32:\"2y8bZ_NN8DLXLVM8g5ySnX07NRjly-u0\";}'
    'PHPSESSID' => '1ed577ae73be2b8f85caaf333f5b607e'
    '_identity' => 'b04479600b2be632676e852eaa07a9c07de122207871c36ae917005df20696f4a:2:{i:0;s:9:\"_identity\";i:1;s:46:\"[2,\"FrFUIsBr-ZT6vnVt4wyHmj6AcH23PSCq\",2592000]\";}'
]

$_SESSION = [
    '__flash' => []
    '__id' => 2
]

$_SERVER = [
    'REDIRECT_STATUS' => '200'
    'HTTP_HOST' => 'www.inspiredev.com'
    'HTTP_CONNECTION' => 'keep-alive'
    'HTTP_CACHE_CONTROL' => 'max-age=0'
    'HTTP_ACCEPT' => 'text/html,application/xhtml+xml,application/xml;q=0.9,image/webp,*/*;q=0.8'
    'HTTP_UPGRADE_INSECURE_REQUESTS' => '1'
    'HTTP_USER_AGENT' => 'Mozilla/5.0 (Macintosh; Intel Mac OS X 10_10_5) AppleWebKit/537.36 (KHTML, like Gecko) Chrome/47.0.2526.73 Safari/537.36'
    'HTTP_REFERER' => 'http://www.inspiredev.com/'
    'HTTP_ACCEPT_ENCODING' => 'gzip, deflate, sdch'
    'HTTP_ACCEPT_LANGUAGE' => 'en-US,en;q=0.8,th;q=0.6'
    'HTTP_COOKIE' => 'tu=0c27ea1ebe1b04eb6fde6fc867920b7c; _csrf=ac1f5dcbc5e3d050f438f1ce37cb961bf7ad0705914a0a87f2d6c6504d9250e2a%3A2%3A%7Bi%3A0%3Bs%3A5%3A%22_csrf%22%3Bi%3A1%3Bs%3A32%3A%222y8bZ_NN8DLXLVM8g5ySnX07NRjly-u0%22%3B%7D; PHPSESSID=1ed577ae73be2b8f85caaf333f5b607e; _identity=b04479600b2be632676e852eaa07a9c07de122207871c36ae917005df20696f4a%3A2%3A%7Bi%3A0%3Bs%3A9%3A%22_identity%22%3Bi%3A1%3Bs%3A46%3A%22%5B2%2C%22FrFUIsBr-ZT6vnVt4wyHmj6AcH23PSCq%22%2C2592000%5D%22%3B%7D'
    'PATH' => '/usr/bin:/bin:/usr/sbin:/sbin'
    'SERVER_SIGNATURE' => ''
    'SERVER_SOFTWARE' => 'Apache/2.2.29 (Unix) mod_wsgi/3.5 Python/2.7.10 PHP/5.6.10 mod_ssl/2.2.29 OpenSSL/0.9.8zg DAV/2 mod_fastcgi/2.4.6 mod_perl/2.0.9 Perl/v5.22.0'
    'SERVER_NAME' => 'www.inspiredev.com'
    'SERVER_ADDR' => '127.0.0.1'
    'SERVER_PORT' => '80'
    'REMOTE_ADDR' => '127.0.0.1'
    'DOCUMENT_ROOT' => '/Applications/MAMP/htdocs/inspiredevProject'
    'SERVER_ADMIN' => 'inspiredev.com'
    'SCRIPT_FILENAME' => '/Applications/MAMP/htdocs/inspiredevProject/index.php'
    'REMOTE_PORT' => '49618'
    'REDIRECT_URL' => '/videos/index'
    'GATEWAY_INTERFACE' => 'CGI/1.1'
    'SERVER_PROTOCOL' => 'HTTP/1.1'
    'REQUEST_METHOD' => 'GET'
    'QUERY_STRING' => ''
    'REQUEST_URI' => '/videos/index'
    'SCRIPT_NAME' => '/index.php'
    'PHP_SELF' => '/index.php'
    'REQUEST_TIME_FLOAT' => 1449496530.8
    'REQUEST_TIME' => 1449496530
    'argv' => []
    'argc' => 0
]
2015-12-07 14:56:42 [127.0.0.1][2][1ed577ae73be2b8f85caaf333f5b607e][error][yii\base\InvalidParamException] exception 'yii\base\InvalidParamException' with message 'Relation names are case sensitive. app\models\Videos has a relation named "videosStatus" instead of "VideosStatus".' in /Applications/MAMP/htdocs/inspiredevProject/_protected/vendor/yiisoft/yii2/db/ActiveRelationTrait.php:153
Stack trace:
#0 /Applications/MAMP/htdocs/inspiredevProject/_protected/vendor/yiisoft/yii2/db/BaseActiveRecord.php(249): yii\db\ActiveQuery->findFor('VideosStatus', Object(app\models\Videos))
#1 /Applications/MAMP/htdocs/inspiredevProject/_protected/vendor/yiisoft/yii2/helpers/BaseArrayHelper.php(202): yii\db\BaseActiveRecord->__get('VideosStatus')
#2 /Applications/MAMP/htdocs/inspiredevProject/_protected/vendor/yiisoft/yii2/helpers/BaseArrayHelper.php(197): yii\helpers\BaseArrayHelper::getValue(Object(app\models\Videos), 'VideosStatus', NULL)
#3 /Applications/MAMP/htdocs/inspiredevProject/_protected/vendor/yiisoft/yii2/grid/DataColumn.php(193): yii\helpers\BaseArrayHelper::getValue(Object(app\models\Videos), 'VideosStatus.na...')
#4 /Applications/MAMP/htdocs/inspiredevProject/_protected/vendor/yiisoft/yii2/grid/DataColumn.php(204): yii\grid\DataColumn->getDataCellValue(Object(app\models\Videos), Array, 0)
#5 /Applications/MAMP/htdocs/inspiredevProject/_protected/vendor/yiisoft/yii2/grid/Column.php(108): yii\grid\DataColumn->renderDataCellContent(Object(app\models\Videos), Array, 0)
#6 /Applications/MAMP/htdocs/inspiredevProject/_protected/vendor/yiisoft/yii2/grid/GridView.php(504): yii\grid\Column->renderDataCell(Object(app\models\Videos), Array, 0)
#7 /Applications/MAMP/htdocs/inspiredevProject/_protected/vendor/yiisoft/yii2/grid/GridView.php(473): yii\grid\GridView->renderTableRow(Object(app\models\Videos), Array, 0)
#8 /Applications/MAMP/htdocs/inspiredevProject/_protected/vendor/yiisoft/yii2/grid/GridView.php(344): yii\grid\GridView->renderTableBody()
#9 /Applications/MAMP/htdocs/inspiredevProject/_protected/vendor/yiisoft/yii2/widgets/BaseListView.php(151): yii\grid\GridView->renderItems()
#10 /Applications/MAMP/htdocs/inspiredevProject/_protected/vendor/yiisoft/yii2/grid/GridView.php(313): yii\widgets\BaseListView->renderSection('{items}')
#11 /Applications/MAMP/htdocs/inspiredevProject/_protected/vendor/yiisoft/yii2/widgets/BaseListView.php(126): yii\grid\GridView->renderSection('{items}')
#12 [internal function]: yii\widgets\BaseListView->yii\widgets\{closure}(Array)
#13 /Applications/MAMP/htdocs/inspiredevProject/_protected/vendor/yiisoft/yii2/widgets/BaseListView.php(129): preg_replace_callback('/{\\w+}/', Object(Closure), '{summary}\n{item...')
#14 /Applications/MAMP/htdocs/inspiredevProject/_protected/vendor/yiisoft/yii2/grid/GridView.php(288): yii\widgets\BaseListView->run()
#15 /Applications/MAMP/htdocs/inspiredevProject/_protected/vendor/yiisoft/yii2/base/Widget.php(98): yii\grid\GridView->run()
#16 /Applications/MAMP/htdocs/inspiredevProject/_protected/frontend/views/videos/index.php(56): yii\base\Widget::widget(Array)
#17 /Applications/MAMP/htdocs/inspiredevProject/_protected/vendor/yiisoft/yii2/base/View.php(325): require('/Applications/M...')
#18 /Applications/MAMP/htdocs/inspiredevProject/_protected/vendor/yiisoft/yii2/base/View.php(247): yii\base\View->renderPhpFile('/Applications/M...', Array)
#19 /Applications/MAMP/htdocs/inspiredevProject/_protected/vendor/yiisoft/yii2/base/View.php(149): yii\base\View->renderFile('/Applications/M...', Array, Object(frontend\controllers\VideosController))
#20 /Applications/MAMP/htdocs/inspiredevProject/_protected/vendor/yiisoft/yii2/base/Controller.php(371): yii\base\View->render('index', Array, Object(frontend\controllers\VideosController))
#21 /Applications/MAMP/htdocs/inspiredevProject/_protected/frontend/controllers/VideosController.php(42): yii\base\Controller->render('index', Array)
#22 [internal function]: frontend\controllers\VideosController->actionIndex()
#23 /Applications/MAMP/htdocs/inspiredevProject/_protected/vendor/yiisoft/yii2/base/InlineAction.php(55): call_user_func_array(Array, Array)
#24 /Applications/MAMP/htdocs/inspiredevProject/_protected/vendor/yiisoft/yii2/base/Controller.php(151): yii\base\InlineAction->runWithParams(Array)
#25 /Applications/MAMP/htdocs/inspiredevProject/_protected/vendor/yiisoft/yii2/base/Module.php(455): yii\base\Controller->runAction('index', Array)
#26 /Applications/MAMP/htdocs/inspiredevProject/_protected/vendor/yiisoft/yii2/web/Application.php(84): yii\base\Module->runAction('videos/index', Array)
#27 /Applications/MAMP/htdocs/inspiredevProject/_protected/vendor/yiisoft/yii2/base/Application.php(375): yii\web\Application->handleRequest(Object(yii\web\Request))
#28 /Applications/MAMP/htdocs/inspiredevProject/index.php(18): yii\base\Application->run()
#29 {main}
2015-12-07 14:56:42 [127.0.0.1][2][1ed577ae73be2b8f85caaf333f5b607e][info][application] $_COOKIE = [
    'tu' => '0c27ea1ebe1b04eb6fde6fc867920b7c'
    '_csrf' => 'ac1f5dcbc5e3d050f438f1ce37cb961bf7ad0705914a0a87f2d6c6504d9250e2a:2:{i:0;s:5:\"_csrf\";i:1;s:32:\"2y8bZ_NN8DLXLVM8g5ySnX07NRjly-u0\";}'
    'PHPSESSID' => '1ed577ae73be2b8f85caaf333f5b607e'
    '_identity' => 'b04479600b2be632676e852eaa07a9c07de122207871c36ae917005df20696f4a:2:{i:0;s:9:\"_identity\";i:1;s:46:\"[2,\"FrFUIsBr-ZT6vnVt4wyHmj6AcH23PSCq\",2592000]\";}'
]

$_SESSION = [
    '__flash' => []
    '__id' => 2
]

$_SERVER = [
    'REDIRECT_STATUS' => '200'
    'HTTP_HOST' => 'www.inspiredev.com'
    'HTTP_CONNECTION' => 'keep-alive'
    'HTTP_CACHE_CONTROL' => 'max-age=0'
    'HTTP_ACCEPT' => 'text/html,application/xhtml+xml,application/xml;q=0.9,image/webp,*/*;q=0.8'
    'HTTP_UPGRADE_INSECURE_REQUESTS' => '1'
    'HTTP_USER_AGENT' => 'Mozilla/5.0 (Macintosh; Intel Mac OS X 10_10_5) AppleWebKit/537.36 (KHTML, like Gecko) Chrome/47.0.2526.73 Safari/537.36'
    'HTTP_REFERER' => 'http://www.inspiredev.com/'
    'HTTP_ACCEPT_ENCODING' => 'gzip, deflate, sdch'
    'HTTP_ACCEPT_LANGUAGE' => 'en-US,en;q=0.8,th;q=0.6'
    'HTTP_COOKIE' => 'tu=0c27ea1ebe1b04eb6fde6fc867920b7c; _csrf=ac1f5dcbc5e3d050f438f1ce37cb961bf7ad0705914a0a87f2d6c6504d9250e2a%3A2%3A%7Bi%3A0%3Bs%3A5%3A%22_csrf%22%3Bi%3A1%3Bs%3A32%3A%222y8bZ_NN8DLXLVM8g5ySnX07NRjly-u0%22%3B%7D; PHPSESSID=1ed577ae73be2b8f85caaf333f5b607e; _identity=b04479600b2be632676e852eaa07a9c07de122207871c36ae917005df20696f4a%3A2%3A%7Bi%3A0%3Bs%3A9%3A%22_identity%22%3Bi%3A1%3Bs%3A46%3A%22%5B2%2C%22FrFUIsBr-ZT6vnVt4wyHmj6AcH23PSCq%22%2C2592000%5D%22%3B%7D'
    'PATH' => '/usr/bin:/bin:/usr/sbin:/sbin'
    'SERVER_SIGNATURE' => ''
    'SERVER_SOFTWARE' => 'Apache/2.2.29 (Unix) mod_wsgi/3.5 Python/2.7.10 PHP/5.6.10 mod_ssl/2.2.29 OpenSSL/0.9.8zg DAV/2 mod_fastcgi/2.4.6 mod_perl/2.0.9 Perl/v5.22.0'
    'SERVER_NAME' => 'www.inspiredev.com'
    'SERVER_ADDR' => '127.0.0.1'
    'SERVER_PORT' => '80'
    'REMOTE_ADDR' => '127.0.0.1'
    'DOCUMENT_ROOT' => '/Applications/MAMP/htdocs/inspiredevProject'
    'SERVER_ADMIN' => 'inspiredev.com'
    'SCRIPT_FILENAME' => '/Applications/MAMP/htdocs/inspiredevProject/index.php'
    'REMOTE_PORT' => '49631'
    'REDIRECT_URL' => '/videos/index'
    'GATEWAY_INTERFACE' => 'CGI/1.1'
    'SERVER_PROTOCOL' => 'HTTP/1.1'
    'REQUEST_METHOD' => 'GET'
    'QUERY_STRING' => ''
    'REQUEST_URI' => '/videos/index'
    'SCRIPT_NAME' => '/index.php'
    'PHP_SELF' => '/index.php'
    'REQUEST_TIME_FLOAT' => 1449496602.38
    'REQUEST_TIME' => 1449496602
    'argv' => []
    'argc' => 0
]
2015-12-07 14:56:59 [127.0.0.1][2][1ed577ae73be2b8f85caaf333f5b607e][error][yii\base\UnknownPropertyException] exception 'yii\base\UnknownPropertyException' with message 'Getting unknown property: common\models\VideosStatus::name' in /Applications/MAMP/htdocs/inspiredevProject/_protected/vendor/yiisoft/yii2/base/Component.php:143
Stack trace:
#0 /Applications/MAMP/htdocs/inspiredevProject/_protected/vendor/yiisoft/yii2/db/BaseActiveRecord.php(247): yii\base\Component->__get('name')
#1 /Applications/MAMP/htdocs/inspiredevProject/_protected/vendor/yiisoft/yii2/helpers/BaseArrayHelper.php(202): yii\db\BaseActiveRecord->__get('name')
#2 /Applications/MAMP/htdocs/inspiredevProject/_protected/vendor/yiisoft/yii2/grid/DataColumn.php(193): yii\helpers\BaseArrayHelper::getValue(Object(app\models\Videos), 'videosStatus.na...')
#3 /Applications/MAMP/htdocs/inspiredevProject/_protected/vendor/yiisoft/yii2/grid/DataColumn.php(204): yii\grid\DataColumn->getDataCellValue(Object(app\models\Videos), Array, 0)
#4 /Applications/MAMP/htdocs/inspiredevProject/_protected/vendor/yiisoft/yii2/grid/Column.php(108): yii\grid\DataColumn->renderDataCellContent(Object(app\models\Videos), Array, 0)
#5 /Applications/MAMP/htdocs/inspiredevProject/_protected/vendor/yiisoft/yii2/grid/GridView.php(504): yii\grid\Column->renderDataCell(Object(app\models\Videos), Array, 0)
#6 /Applications/MAMP/htdocs/inspiredevProject/_protected/vendor/yiisoft/yii2/grid/GridView.php(473): yii\grid\GridView->renderTableRow(Object(app\models\Videos), Array, 0)
#7 /Applications/MAMP/htdocs/inspiredevProject/_protected/vendor/yiisoft/yii2/grid/GridView.php(344): yii\grid\GridView->renderTableBody()
#8 /Applications/MAMP/htdocs/inspiredevProject/_protected/vendor/yiisoft/yii2/widgets/BaseListView.php(151): yii\grid\GridView->renderItems()
#9 /Applications/MAMP/htdocs/inspiredevProject/_protected/vendor/yiisoft/yii2/grid/GridView.php(313): yii\widgets\BaseListView->renderSection('{items}')
#10 /Applications/MAMP/htdocs/inspiredevProject/_protected/vendor/yiisoft/yii2/widgets/BaseListView.php(126): yii\grid\GridView->renderSection('{items}')
#11 [internal function]: yii\widgets\BaseListView->yii\widgets\{closure}(Array)
#12 /Applications/MAMP/htdocs/inspiredevProject/_protected/vendor/yiisoft/yii2/widgets/BaseListView.php(129): preg_replace_callback('/{\\w+}/', Object(Closure), '{summary}\n{item...')
#13 /Applications/MAMP/htdocs/inspiredevProject/_protected/vendor/yiisoft/yii2/grid/GridView.php(288): yii\widgets\BaseListView->run()
#14 /Applications/MAMP/htdocs/inspiredevProject/_protected/vendor/yiisoft/yii2/base/Widget.php(98): yii\grid\GridView->run()
#15 /Applications/MAMP/htdocs/inspiredevProject/_protected/frontend/views/videos/index.php(56): yii\base\Widget::widget(Array)
#16 /Applications/MAMP/htdocs/inspiredevProject/_protected/vendor/yiisoft/yii2/base/View.php(325): require('/Applications/M...')
#17 /Applications/MAMP/htdocs/inspiredevProject/_protected/vendor/yiisoft/yii2/base/View.php(247): yii\base\View->renderPhpFile('/Applications/M...', Array)
#18 /Applications/MAMP/htdocs/inspiredevProject/_protected/vendor/yiisoft/yii2/base/View.php(149): yii\base\View->renderFile('/Applications/M...', Array, Object(frontend\controllers\VideosController))
#19 /Applications/MAMP/htdocs/inspiredevProject/_protected/vendor/yiisoft/yii2/base/Controller.php(371): yii\base\View->render('index', Array, Object(frontend\controllers\VideosController))
#20 /Applications/MAMP/htdocs/inspiredevProject/_protected/frontend/controllers/VideosController.php(42): yii\base\Controller->render('index', Array)
#21 [internal function]: frontend\controllers\VideosController->actionIndex()
#22 /Applications/MAMP/htdocs/inspiredevProject/_protected/vendor/yiisoft/yii2/base/InlineAction.php(55): call_user_func_array(Array, Array)
#23 /Applications/MAMP/htdocs/inspiredevProject/_protected/vendor/yiisoft/yii2/base/Controller.php(151): yii\base\InlineAction->runWithParams(Array)
#24 /Applications/MAMP/htdocs/inspiredevProject/_protected/vendor/yiisoft/yii2/base/Module.php(455): yii\base\Controller->runAction('index', Array)
#25 /Applications/MAMP/htdocs/inspiredevProject/_protected/vendor/yiisoft/yii2/web/Application.php(84): yii\base\Module->runAction('videos/index', Array)
#26 /Applications/MAMP/htdocs/inspiredevProject/_protected/vendor/yiisoft/yii2/base/Application.php(375): yii\web\Application->handleRequest(Object(yii\web\Request))
#27 /Applications/MAMP/htdocs/inspiredevProject/index.php(18): yii\base\Application->run()
#28 {main}
2015-12-07 14:56:59 [127.0.0.1][2][1ed577ae73be2b8f85caaf333f5b607e][info][application] $_COOKIE = [
    'tu' => '0c27ea1ebe1b04eb6fde6fc867920b7c'
    '_csrf' => 'ac1f5dcbc5e3d050f438f1ce37cb961bf7ad0705914a0a87f2d6c6504d9250e2a:2:{i:0;s:5:\"_csrf\";i:1;s:32:\"2y8bZ_NN8DLXLVM8g5ySnX07NRjly-u0\";}'
    'PHPSESSID' => '1ed577ae73be2b8f85caaf333f5b607e'
    '_identity' => 'b04479600b2be632676e852eaa07a9c07de122207871c36ae917005df20696f4a:2:{i:0;s:9:\"_identity\";i:1;s:46:\"[2,\"FrFUIsBr-ZT6vnVt4wyHmj6AcH23PSCq\",2592000]\";}'
]

$_SESSION = [
    '__flash' => []
    '__id' => 2
]

$_SERVER = [
    'REDIRECT_STATUS' => '200'
    'HTTP_HOST' => 'www.inspiredev.com'
    'HTTP_CONNECTION' => 'keep-alive'
    'HTTP_CACHE_CONTROL' => 'max-age=0'
    'HTTP_ACCEPT' => 'text/html,application/xhtml+xml,application/xml;q=0.9,image/webp,*/*;q=0.8'
    'HTTP_UPGRADE_INSECURE_REQUESTS' => '1'
    'HTTP_USER_AGENT' => 'Mozilla/5.0 (Macintosh; Intel Mac OS X 10_10_5) AppleWebKit/537.36 (KHTML, like Gecko) Chrome/47.0.2526.73 Safari/537.36'
    'HTTP_REFERER' => 'http://www.inspiredev.com/'
    'HTTP_ACCEPT_ENCODING' => 'gzip, deflate, sdch'
    'HTTP_ACCEPT_LANGUAGE' => 'en-US,en;q=0.8,th;q=0.6'
    'HTTP_COOKIE' => 'tu=0c27ea1ebe1b04eb6fde6fc867920b7c; _csrf=ac1f5dcbc5e3d050f438f1ce37cb961bf7ad0705914a0a87f2d6c6504d9250e2a%3A2%3A%7Bi%3A0%3Bs%3A5%3A%22_csrf%22%3Bi%3A1%3Bs%3A32%3A%222y8bZ_NN8DLXLVM8g5ySnX07NRjly-u0%22%3B%7D; PHPSESSID=1ed577ae73be2b8f85caaf333f5b607e; _identity=b04479600b2be632676e852eaa07a9c07de122207871c36ae917005df20696f4a%3A2%3A%7Bi%3A0%3Bs%3A9%3A%22_identity%22%3Bi%3A1%3Bs%3A46%3A%22%5B2%2C%22FrFUIsBr-ZT6vnVt4wyHmj6AcH23PSCq%22%2C2592000%5D%22%3B%7D'
    'PATH' => '/usr/bin:/bin:/usr/sbin:/sbin'
    'SERVER_SIGNATURE' => ''
    'SERVER_SOFTWARE' => 'Apache/2.2.29 (Unix) mod_wsgi/3.5 Python/2.7.10 PHP/5.6.10 mod_ssl/2.2.29 OpenSSL/0.9.8zg DAV/2 mod_fastcgi/2.4.6 mod_perl/2.0.9 Perl/v5.22.0'
    'SERVER_NAME' => 'www.inspiredev.com'
    'SERVER_ADDR' => '127.0.0.1'
    'SERVER_PORT' => '80'
    'REMOTE_ADDR' => '127.0.0.1'
    'DOCUMENT_ROOT' => '/Applications/MAMP/htdocs/inspiredevProject'
    'SERVER_ADMIN' => 'inspiredev.com'
    'SCRIPT_FILENAME' => '/Applications/MAMP/htdocs/inspiredevProject/index.php'
    'REMOTE_PORT' => '49634'
    'REDIRECT_URL' => '/videos/index'
    'GATEWAY_INTERFACE' => 'CGI/1.1'
    'SERVER_PROTOCOL' => 'HTTP/1.1'
    'REQUEST_METHOD' => 'GET'
    'QUERY_STRING' => ''
    'REQUEST_URI' => '/videos/index'
    'SCRIPT_NAME' => '/index.php'
    'PHP_SELF' => '/index.php'
    'REQUEST_TIME_FLOAT' => 1449496619.13
    'REQUEST_TIME' => 1449496619
    'argv' => []
    'argc' => 0
]
2015-12-07 15:00:59 [127.0.0.1][2][1ed577ae73be2b8f85caaf333f5b607e][error][yii\base\InvalidParamException] exception 'yii\base\InvalidParamException' with message 'Relation names are case sensitive. app\models\Videos has a relation named "videosStatus" instead of "VideosStatus".' in /Applications/MAMP/htdocs/inspiredevProject/_protected/vendor/yiisoft/yii2/db/ActiveRelationTrait.php:153
Stack trace:
#0 /Applications/MAMP/htdocs/inspiredevProject/_protected/vendor/yiisoft/yii2/db/BaseActiveRecord.php(249): yii\db\ActiveQuery->findFor('VideosStatus', Object(app\models\Videos))
#1 /Applications/MAMP/htdocs/inspiredevProject/_protected/frontend/models/Videos.php(138): yii\db\BaseActiveRecord->__get('VideosStatus')
#2 /Applications/MAMP/htdocs/inspiredevProject/_protected/frontend/views/videos/index.php(50): app\models\Videos->getStatusVideos()
#3 [internal function]: yii\base\View->{closure}(Object(app\models\Videos), Array, 0, Object(yii\grid\DataColumn))
#4 /Applications/MAMP/htdocs/inspiredevProject/_protected/vendor/yiisoft/yii2/grid/DataColumn.php(190): call_user_func(Object(Closure), Object(app\models\Videos), Array, 0, Object(yii\grid\DataColumn))
#5 /Applications/MAMP/htdocs/inspiredevProject/_protected/vendor/yiisoft/yii2/grid/DataColumn.php(204): yii\grid\DataColumn->getDataCellValue(Object(app\models\Videos), Array, 0)
#6 /Applications/MAMP/htdocs/inspiredevProject/_protected/vendor/yiisoft/yii2/grid/Column.php(108): yii\grid\DataColumn->renderDataCellContent(Object(app\models\Videos), Array, 0)
#7 /Applications/MAMP/htdocs/inspiredevProject/_protected/vendor/yiisoft/yii2/grid/GridView.php(504): yii\grid\Column->renderDataCell(Object(app\models\Videos), Array, 0)
#8 /Applications/MAMP/htdocs/inspiredevProject/_protected/vendor/yiisoft/yii2/grid/GridView.php(473): yii\grid\GridView->renderTableRow(Object(app\models\Videos), Array, 0)
#9 /Applications/MAMP/htdocs/inspiredevProject/_protected/vendor/yiisoft/yii2/grid/GridView.php(344): yii\grid\GridView->renderTableBody()
#10 /Applications/MAMP/htdocs/inspiredevProject/_protected/vendor/yiisoft/yii2/widgets/BaseListView.php(151): yii\grid\GridView->renderItems()
#11 /Applications/MAMP/htdocs/inspiredevProject/_protected/vendor/yiisoft/yii2/grid/GridView.php(313): yii\widgets\BaseListView->renderSection('{items}')
#12 /Applications/MAMP/htdocs/inspiredevProject/_protected/vendor/yiisoft/yii2/widgets/BaseListView.php(126): yii\grid\GridView->renderSection('{items}')
#13 [internal function]: yii\widgets\BaseListView->yii\widgets\{closure}(Array)
#14 /Applications/MAMP/htdocs/inspiredevProject/_protected/vendor/yiisoft/yii2/widgets/BaseListView.php(129): preg_replace_callback('/{\\w+}/', Object(Closure), '{summary}\n{item...')
#15 /Applications/MAMP/htdocs/inspiredevProject/_protected/vendor/yiisoft/yii2/grid/GridView.php(288): yii\widgets\BaseListView->run()
#16 /Applications/MAMP/htdocs/inspiredevProject/_protected/vendor/yiisoft/yii2/base/Widget.php(98): yii\grid\GridView->run()
#17 /Applications/MAMP/htdocs/inspiredevProject/_protected/frontend/views/videos/index.php(62): yii\base\Widget::widget(Array)
#18 /Applications/MAMP/htdocs/inspiredevProject/_protected/vendor/yiisoft/yii2/base/View.php(325): require('/Applications/M...')
#19 /Applications/MAMP/htdocs/inspiredevProject/_protected/vendor/yiisoft/yii2/base/View.php(247): yii\base\View->renderPhpFile('/Applications/M...', Array)
#20 /Applications/MAMP/htdocs/inspiredevProject/_protected/vendor/yiisoft/yii2/base/View.php(149): yii\base\View->renderFile('/Applications/M...', Array, Object(frontend\controllers\VideosController))
#21 /Applications/MAMP/htdocs/inspiredevProject/_protected/vendor/yiisoft/yii2/base/Controller.php(371): yii\base\View->render('index', Array, Object(frontend\controllers\VideosController))
#22 /Applications/MAMP/htdocs/inspiredevProject/_protected/frontend/controllers/VideosController.php(42): yii\base\Controller->render('index', Array)
#23 [internal function]: frontend\controllers\VideosController->actionIndex()
#24 /Applications/MAMP/htdocs/inspiredevProject/_protected/vendor/yiisoft/yii2/base/InlineAction.php(55): call_user_func_array(Array, Array)
#25 /Applications/MAMP/htdocs/inspiredevProject/_protected/vendor/yiisoft/yii2/base/Controller.php(151): yii\base\InlineAction->runWithParams(Array)
#26 /Applications/MAMP/htdocs/inspiredevProject/_protected/vendor/yiisoft/yii2/base/Module.php(455): yii\base\Controller->runAction('index', Array)
#27 /Applications/MAMP/htdocs/inspiredevProject/_protected/vendor/yiisoft/yii2/web/Application.php(84): yii\base\Module->runAction('videos/index', Array)
#28 /Applications/MAMP/htdocs/inspiredevProject/_protected/vendor/yiisoft/yii2/base/Application.php(375): yii\web\Application->handleRequest(Object(yii\web\Request))
#29 /Applications/MAMP/htdocs/inspiredevProject/index.php(18): yii\base\Application->run()
#30 {main}
2015-12-07 15:00:59 [127.0.0.1][2][1ed577ae73be2b8f85caaf333f5b607e][info][application] $_COOKIE = [
    'tu' => '0c27ea1ebe1b04eb6fde6fc867920b7c'
    '_csrf' => 'ac1f5dcbc5e3d050f438f1ce37cb961bf7ad0705914a0a87f2d6c6504d9250e2a:2:{i:0;s:5:\"_csrf\";i:1;s:32:\"2y8bZ_NN8DLXLVM8g5ySnX07NRjly-u0\";}'
    'PHPSESSID' => '1ed577ae73be2b8f85caaf333f5b607e'
    '_identity' => 'b04479600b2be632676e852eaa07a9c07de122207871c36ae917005df20696f4a:2:{i:0;s:9:\"_identity\";i:1;s:46:\"[2,\"FrFUIsBr-ZT6vnVt4wyHmj6AcH23PSCq\",2592000]\";}'
]

$_SESSION = [
    '__flash' => []
    '__id' => 2
]

$_SERVER = [
    'REDIRECT_STATUS' => '200'
    'HTTP_HOST' => 'www.inspiredev.com'
    'HTTP_CONNECTION' => 'keep-alive'
    'HTTP_CACHE_CONTROL' => 'max-age=0'
    'HTTP_ACCEPT' => 'text/html,application/xhtml+xml,application/xml;q=0.9,image/webp,*/*;q=0.8'
    'HTTP_UPGRADE_INSECURE_REQUESTS' => '1'
    'HTTP_USER_AGENT' => 'Mozilla/5.0 (Macintosh; Intel Mac OS X 10_10_5) AppleWebKit/537.36 (KHTML, like Gecko) Chrome/47.0.2526.73 Safari/537.36'
    'HTTP_REFERER' => 'http://www.inspiredev.com/'
    'HTTP_ACCEPT_ENCODING' => 'gzip, deflate, sdch'
    'HTTP_ACCEPT_LANGUAGE' => 'en-US,en;q=0.8,th;q=0.6'
    'HTTP_COOKIE' => 'tu=0c27ea1ebe1b04eb6fde6fc867920b7c; _csrf=ac1f5dcbc5e3d050f438f1ce37cb961bf7ad0705914a0a87f2d6c6504d9250e2a%3A2%3A%7Bi%3A0%3Bs%3A5%3A%22_csrf%22%3Bi%3A1%3Bs%3A32%3A%222y8bZ_NN8DLXLVM8g5ySnX07NRjly-u0%22%3B%7D; PHPSESSID=1ed577ae73be2b8f85caaf333f5b607e; _identity=b04479600b2be632676e852eaa07a9c07de122207871c36ae917005df20696f4a%3A2%3A%7Bi%3A0%3Bs%3A9%3A%22_identity%22%3Bi%3A1%3Bs%3A46%3A%22%5B2%2C%22FrFUIsBr-ZT6vnVt4wyHmj6AcH23PSCq%22%2C2592000%5D%22%3B%7D'
    'PATH' => '/usr/bin:/bin:/usr/sbin:/sbin'
    'SERVER_SIGNATURE' => ''
    'SERVER_SOFTWARE' => 'Apache/2.2.29 (Unix) mod_wsgi/3.5 Python/2.7.10 PHP/5.6.10 mod_ssl/2.2.29 OpenSSL/0.9.8zg DAV/2 mod_fastcgi/2.4.6 mod_perl/2.0.9 Perl/v5.22.0'
    'SERVER_NAME' => 'www.inspiredev.com'
    'SERVER_ADDR' => '127.0.0.1'
    'SERVER_PORT' => '80'
    'REMOTE_ADDR' => '127.0.0.1'
    'DOCUMENT_ROOT' => '/Applications/MAMP/htdocs/inspiredevProject'
    'SERVER_ADMIN' => 'inspiredev.com'
    'SCRIPT_FILENAME' => '/Applications/MAMP/htdocs/inspiredevProject/index.php'
    'REMOTE_PORT' => '49641'
    'REDIRECT_URL' => '/videos/index'
    'GATEWAY_INTERFACE' => 'CGI/1.1'
    'SERVER_PROTOCOL' => 'HTTP/1.1'
    'REQUEST_METHOD' => 'GET'
    'QUERY_STRING' => ''
    'REQUEST_URI' => '/videos/index'
    'SCRIPT_NAME' => '/index.php'
    'PHP_SELF' => '/index.php'
    'REQUEST_TIME_FLOAT' => 1449496859.33
    'REQUEST_TIME' => 1449496859
    'argv' => []
    'argc' => 0
]
2015-12-07 15:01:28 [127.0.0.1][2][1ed577ae73be2b8f85caaf333f5b607e][error][yii\base\UnknownPropertyException] exception 'yii\base\UnknownPropertyException' with message 'Getting unknown property: common\models\VideosStatus::name' in /Applications/MAMP/htdocs/inspiredevProject/_protected/vendor/yiisoft/yii2/base/Component.php:143
Stack trace:
#0 /Applications/MAMP/htdocs/inspiredevProject/_protected/vendor/yiisoft/yii2/db/BaseActiveRecord.php(247): yii\base\Component->__get('name')
#1 /Applications/MAMP/htdocs/inspiredevProject/_protected/frontend/models/Videos.php(138): yii\db\BaseActiveRecord->__get('name')
#2 /Applications/MAMP/htdocs/inspiredevProject/_protected/frontend/views/videos/index.php(50): app\models\Videos->getStatusVideos()
#3 [internal function]: yii\base\View->{closure}(Object(app\models\Videos), Array, 0, Object(yii\grid\DataColumn))
#4 /Applications/MAMP/htdocs/inspiredevProject/_protected/vendor/yiisoft/yii2/grid/DataColumn.php(190): call_user_func(Object(Closure), Object(app\models\Videos), Array, 0, Object(yii\grid\DataColumn))
#5 /Applications/MAMP/htdocs/inspiredevProject/_protected/vendor/yiisoft/yii2/grid/DataColumn.php(204): yii\grid\DataColumn->getDataCellValue(Object(app\models\Videos), Array, 0)
#6 /Applications/MAMP/htdocs/inspiredevProject/_protected/vendor/yiisoft/yii2/grid/Column.php(108): yii\grid\DataColumn->renderDataCellContent(Object(app\models\Videos), Array, 0)
#7 /Applications/MAMP/htdocs/inspiredevProject/_protected/vendor/yiisoft/yii2/grid/GridView.php(504): yii\grid\Column->renderDataCell(Object(app\models\Videos), Array, 0)
#8 /Applications/MAMP/htdocs/inspiredevProject/_protected/vendor/yiisoft/yii2/grid/GridView.php(473): yii\grid\GridView->renderTableRow(Object(app\models\Videos), Array, 0)
#9 /Applications/MAMP/htdocs/inspiredevProject/_protected/vendor/yiisoft/yii2/grid/GridView.php(344): yii\grid\GridView->renderTableBody()
#10 /Applications/MAMP/htdocs/inspiredevProject/_protected/vendor/yiisoft/yii2/widgets/BaseListView.php(151): yii\grid\GridView->renderItems()
#11 /Applications/MAMP/htdocs/inspiredevProject/_protected/vendor/yiisoft/yii2/grid/GridView.php(313): yii\widgets\BaseListView->renderSection('{items}')
#12 /Applications/MAMP/htdocs/inspiredevProject/_protected/vendor/yiisoft/yii2/widgets/BaseListView.php(126): yii\grid\GridView->renderSection('{items}')
#13 [internal function]: yii\widgets\BaseListView->yii\widgets\{closure}(Array)
#14 /Applications/MAMP/htdocs/inspiredevProject/_protected/vendor/yiisoft/yii2/widgets/BaseListView.php(129): preg_replace_callback('/{\\w+}/', Object(Closure), '{summary}\n{item...')
#15 /Applications/MAMP/htdocs/inspiredevProject/_protected/vendor/yiisoft/yii2/grid/GridView.php(288): yii\widgets\BaseListView->run()
#16 /Applications/MAMP/htdocs/inspiredevProject/_protected/vendor/yiisoft/yii2/base/Widget.php(98): yii\grid\GridView->run()
#17 /Applications/MAMP/htdocs/inspiredevProject/_protected/frontend/views/videos/index.php(62): yii\base\Widget::widget(Array)
#18 /Applications/MAMP/htdocs/inspiredevProject/_protected/vendor/yiisoft/yii2/base/View.php(325): require('/Applications/M...')
#19 /Applications/MAMP/htdocs/inspiredevProject/_protected/vendor/yiisoft/yii2/base/View.php(247): yii\base\View->renderPhpFile('/Applications/M...', Array)
#20 /Applications/MAMP/htdocs/inspiredevProject/_protected/vendor/yiisoft/yii2/base/View.php(149): yii\base\View->renderFile('/Applications/M...', Array, Object(frontend\controllers\VideosController))
#21 /Applications/MAMP/htdocs/inspiredevProject/_protected/vendor/yiisoft/yii2/base/Controller.php(371): yii\base\View->render('index', Array, Object(frontend\controllers\VideosController))
#22 /Applications/MAMP/htdocs/inspiredevProject/_protected/frontend/controllers/VideosController.php(42): yii\base\Controller->render('index', Array)
#23 [internal function]: frontend\controllers\VideosController->actionIndex()
#24 /Applications/MAMP/htdocs/inspiredevProject/_protected/vendor/yiisoft/yii2/base/InlineAction.php(55): call_user_func_array(Array, Array)
#25 /Applications/MAMP/htdocs/inspiredevProject/_protected/vendor/yiisoft/yii2/base/Controller.php(151): yii\base\InlineAction->runWithParams(Array)
#26 /Applications/MAMP/htdocs/inspiredevProject/_protected/vendor/yiisoft/yii2/base/Module.php(455): yii\base\Controller->runAction('index', Array)
#27 /Applications/MAMP/htdocs/inspiredevProject/_protected/vendor/yiisoft/yii2/web/Application.php(84): yii\base\Module->runAction('videos/index', Array)
#28 /Applications/MAMP/htdocs/inspiredevProject/_protected/vendor/yiisoft/yii2/base/Application.php(375): yii\web\Application->handleRequest(Object(yii\web\Request))
#29 /Applications/MAMP/htdocs/inspiredevProject/index.php(18): yii\base\Application->run()
#30 {main}
2015-12-07 15:01:27 [127.0.0.1][2][1ed577ae73be2b8f85caaf333f5b607e][info][application] $_COOKIE = [
    'tu' => '0c27ea1ebe1b04eb6fde6fc867920b7c'
    '_csrf' => 'ac1f5dcbc5e3d050f438f1ce37cb961bf7ad0705914a0a87f2d6c6504d9250e2a:2:{i:0;s:5:\"_csrf\";i:1;s:32:\"2y8bZ_NN8DLXLVM8g5ySnX07NRjly-u0\";}'
    'PHPSESSID' => '1ed577ae73be2b8f85caaf333f5b607e'
    '_identity' => 'b04479600b2be632676e852eaa07a9c07de122207871c36ae917005df20696f4a:2:{i:0;s:9:\"_identity\";i:1;s:46:\"[2,\"FrFUIsBr-ZT6vnVt4wyHmj6AcH23PSCq\",2592000]\";}'
]

$_SESSION = [
    '__flash' => []
    '__id' => 2
]

$_SERVER = [
    'REDIRECT_STATUS' => '200'
    'HTTP_HOST' => 'www.inspiredev.com'
    'HTTP_CONNECTION' => 'keep-alive'
    'HTTP_CACHE_CONTROL' => 'max-age=0'
    'HTTP_ACCEPT' => 'text/html,application/xhtml+xml,application/xml;q=0.9,image/webp,*/*;q=0.8'
    'HTTP_UPGRADE_INSECURE_REQUESTS' => '1'
    'HTTP_USER_AGENT' => 'Mozilla/5.0 (Macintosh; Intel Mac OS X 10_10_5) AppleWebKit/537.36 (KHTML, like Gecko) Chrome/47.0.2526.73 Safari/537.36'
    'HTTP_REFERER' => 'http://www.inspiredev.com/'
    'HTTP_ACCEPT_ENCODING' => 'gzip, deflate, sdch'
    'HTTP_ACCEPT_LANGUAGE' => 'en-US,en;q=0.8,th;q=0.6'
    'HTTP_COOKIE' => 'tu=0c27ea1ebe1b04eb6fde6fc867920b7c; _csrf=ac1f5dcbc5e3d050f438f1ce37cb961bf7ad0705914a0a87f2d6c6504d9250e2a%3A2%3A%7Bi%3A0%3Bs%3A5%3A%22_csrf%22%3Bi%3A1%3Bs%3A32%3A%222y8bZ_NN8DLXLVM8g5ySnX07NRjly-u0%22%3B%7D; PHPSESSID=1ed577ae73be2b8f85caaf333f5b607e; _identity=b04479600b2be632676e852eaa07a9c07de122207871c36ae917005df20696f4a%3A2%3A%7Bi%3A0%3Bs%3A9%3A%22_identity%22%3Bi%3A1%3Bs%3A46%3A%22%5B2%2C%22FrFUIsBr-ZT6vnVt4wyHmj6AcH23PSCq%22%2C2592000%5D%22%3B%7D'
    'PATH' => '/usr/bin:/bin:/usr/sbin:/sbin'
    'SERVER_SIGNATURE' => ''
    'SERVER_SOFTWARE' => 'Apache/2.2.29 (Unix) mod_wsgi/3.5 Python/2.7.10 PHP/5.6.10 mod_ssl/2.2.29 OpenSSL/0.9.8zg DAV/2 mod_fastcgi/2.4.6 mod_perl/2.0.9 Perl/v5.22.0'
    'SERVER_NAME' => 'www.inspiredev.com'
    'SERVER_ADDR' => '127.0.0.1'
    'SERVER_PORT' => '80'
    'REMOTE_ADDR' => '127.0.0.1'
    'DOCUMENT_ROOT' => '/Applications/MAMP/htdocs/inspiredevProject'
    'SERVER_ADMIN' => 'inspiredev.com'
    'SCRIPT_FILENAME' => '/Applications/MAMP/htdocs/inspiredevProject/index.php'
    'REMOTE_PORT' => '49646'
    'REDIRECT_URL' => '/videos/index'
    'GATEWAY_INTERFACE' => 'CGI/1.1'
    'SERVER_PROTOCOL' => 'HTTP/1.1'
    'REQUEST_METHOD' => 'GET'
    'QUERY_STRING' => ''
    'REQUEST_URI' => '/videos/index'
    'SCRIPT_NAME' => '/index.php'
    'PHP_SELF' => '/index.php'
    'REQUEST_TIME_FLOAT' => 1449496887.99
    'REQUEST_TIME' => 1449496887
    'argv' => []
    'argc' => 0
]
